d:\shell\shell\shell\debug\vc120.pdb
d:\shell\shell\shell\debug\vc120.idb
d:\shell\shell\shell\debug\aes.obj
d:\shell\shell\shell\debug\checksum.obj
d:\shell\shell\shell\debug\dllloader.obj
d:\shell\shell\shell\debug\zlibsdk.obj
d:\shell\shell\debug\shell.ilk
d:\shell\shell\debug\shell.dll
d:\shell\shell\debug\shell.pdb
d:\shell\shell\shell\debug\shell.res
d:\shell\shell\debug\shell.lib
d:\shell\shell\debug\shell.exp
d:\shell\shell\shell\debug\shell.tlog\cl.command.1.tlog
d:\shell\shell\shell\debug\shell.tlog\cl.read.1.tlog
d:\shell\shell\shell\debug\shell.tlog\cl.write.1.tlog
d:\shell\shell\shell\debug\shell.tlog\link.command.1.tlog
d:\shell\shell\shell\debug\shell.tlog\link.read.1.tlog
d:\shell\shell\shell\debug\shell.tlog\link.write.1.tlog
d:\shell\shell\shell\debug\shell.tlog\rc.command.1.tlog
d:\shell\shell\shell\debug\shell.tlog\rc.read.1.tlog
d:\shell\shell\shell\debug\shell.tlog\rc.write.1.tlog
d:\shell\shell\shell\debug\shell.tlog\shell.write.1u.tlog
