d:\shell\shell\shell\release\vc120.pdb
d:\shell\shell\shell\release\zlibsdk.obj
d:\shell\shell\shell\release\dllloader.obj
d:\shell\shell\shell\release\checksum.obj
d:\shell\shell\shell\release\aes.obj
d:\shell\shell\release\shell.dll
d:\shell\shell\release\shell.pdb
d:\shell\shell\shell\release\shell.res
d:\shell\shell\release\shell.lib
d:\shell\shell\release\shell.exp
d:\shell\shell\shell\release\shell.tlog\cl.command.1.tlog
d:\shell\shell\shell\release\shell.tlog\cl.read.1.tlog
d:\shell\shell\shell\release\shell.tlog\cl.write.1.tlog
d:\shell\shell\shell\release\shell.tlog\link.command.1.tlog
d:\shell\shell\shell\release\shell.tlog\link.read.1.tlog
d:\shell\shell\shell\release\shell.tlog\link.write.1.tlog
d:\shell\shell\shell\release\shell.tlog\rc.command.1.tlog
d:\shell\shell\shell\release\shell.tlog\rc.read.1.tlog
d:\shell\shell\shell\release\shell.tlog\rc.write.1.tlog
d:\shell\shell\shell\release\shell.tlog\shell.write.1u.tlog
